
pi@raspberrypi:~ $ sudo apt-get update
0% [Working]            0% [Connecting to mirrordirector.raspbian.org (5.153.225.207)] [Connecting to a                                                                               Get:1 http://mirrordirector.raspbian.org jessie InRelease [14.9 kB]
                                                                               0% [1 InRelease 0 B/14.9 kB 0%] [Waiting for headers]                                                     100% [Waiting for headers]                          Get:2 http://archive.raspberrypi.org jessie InRelease [13.2 kB]
                          93% [2 InRelease 11.2 kB/13.2 kB 85%]                                     93% [1 InRelease gpgv 14.9 kB] [2 InRelease 11.2 kB/13.2 kB 85%]                                                                93% [2 InRelease 11.2 kB/13.2 kB 85%]                                     100% [Waiting for headers]                          100% [2 InRelease gpgv 13.2 kB] [Waiting for headers]                                                     100% [Waiting for headers]                          Get:3 http://mirrordirector.raspbian.org jessie/main armhf Packages [8,981 kB]
                          1% [3 Packages 18.0 kB/8,981 kB 0%] [Waiting for headers]                                                         Get:4 http://archive.raspberrypi.org jessie/main armhf Packages [116 kB]
                                                         1% [3 Packages 18.0 kB/8,981 kB 0%] [4 Packages 24.6 kB/116 kB 21%]                                                                   2% [3 Packages 104 kB/8,981 kB 1%] [4 Packages 49.2 kB/116 kB 42%]5% [3 Packages 336 kB/8,981 kB 4%] [4 Packages 98.3 kB/116 kB 85%]                                                                  9% [3 Packages 719 kB/8,981 kB 8%]                                  9% [4 Packages gzip 0 B] [3 Packages 719 kB/8,981 kB 8%] [Waiting for headers]                                                                              9% [3 Packages 719 kB/8,981 kB 8%] [Waiting for headers]                                                        Get:5 http://archive.raspberrypi.org jessie/ui armhf Packages [53.6 kB]
                                                        12% [3 Packages 942 kB/8,981 kB 10%] [5 Packages 9,814 B/53.6 kB 18%]                                                                     19% [3 Packages 1,517 kB/8,981 kB 17%] [5 Packages 49.2 kB/53.6 kB 92%]                                                                       19% [3 Packages 1,517 kB/8,981 kB 17%]                                      19% [5 Packages gzip 0 B] [3 Packages 1,517 kB/8,981 kB 17%] [Waiting for heade                                                                               19% [3 Packages 1,557 kB/8,981 kB 17%] [Waiting for headers]32% [3 Packages 2,757 kB/8,981 kB 31%] [Waiting for headers]42% [3 Packages 3,654 kB/8,981 kB 41%] [Waiting for headers]52% [3 Packages 4,572 kB/8,981 kB 51%] [Waiting for headers]                                                            63% [3 Packages 5,555 kB/8,981 kB 62%] [Waiting for headers]        950 kB/s 3s73% [3 Packages 6,523 kB/8,981 kB 73%] [Waiting for headers]        950 kB/s 2s86% [3 Packages 7,655 kB/8,981 kB 85%] [Waiting for headers]        950 kB/s 1s97% [3 Packages 8,733 kB/8,981 kB 97%] [Waiting for headers]        950 kB/s 0s100% [Waiting for headers]                                          950 kB/s 0s                                                                               100% [3 Packages xz 0 B] [Waiting for headers] [Waiting for headers]                                                                    Get:6 http://mirrordirector.raspbian.org jessie/contrib armhf Packages [37.5 kB]
                                                                    100% [3 Packages xz 0 B] [6 Packages 4,096 B/37.5 kB 11%] [Waiting for headers]100% [3 Packages xz 0 B] [Waiting for headers]                      950 kB/s 0s                                                                               Get:7 http://mirrordirector.raspbian.org jessie/non-free armhf Packages [70.3 kB]
                                                                               99% [3 Packages xz 0 B] [7 Packages 0 B/70.3 kB 0%] [Waiting for headers]                                                                         100% [3 Packages xz 0 B] [Waiting for headers]                      950 kB/s 0s                                                                               Get:8 http://mirrordirector.raspbian.org jessie/rpi armhf Packages [1,356 B]
                                                                               100% [3 Packages xz 0 B] [8 Packages 0 B/1,356 B 0%] [Waiting for headers]                                                                          100% [3 Packages xz 0 B] [Waiting for headers]                      950 kB/s 0s                                                                               Ign http://archive.raspberrypi.org jessie/main Translation-en_GB
                                                                               100% [3 Packages xz 0 B] [Waiting for headers] [Waiting for headers]                                                                    Ign http://archive.raspberrypi.org jessie/main Translation-en
100% [3 Packages xz 0 B] [Waiting for headers] [Waiting for headers]                                                                    Ign http://archive.raspberrypi.org jessie/ui Translation-en_GB
100% [3 Packages xz 0 B] [Waiting for headers] [Waiting for headers]                                                                    Ign http://archive.raspberrypi.org jessie/ui Translation-en
                                                                    100% [3 Packages xz 0 B] [Waiting for headers]                      950 kB/s 0s100% [3 Packages xz 0 B] [Waiting for headers]                      950 kB/s 0s100% [3 Packages xz 0 B] [Waiting for headers]                      950 kB/s 0s100% [3 Packages xz 0 B] [Waiting for headers]                      950 kB/s 0s100% [3 Packages xz 0 B] [Waiting for headers]                      950 kB/s 0s100% [3 Packages xz 0 B] [Waiting for headers]                      585 kB/s 0s100% [3 Packages xz 0 B] [Waiting for headers]                      585 kB/s 0s100% [3 Packages xz 0 B] [Waiting for headers]                      585 kB/s 0s100% [3 Packages xz 0 B] [Waiting for headers]                      585 kB/s 0s100% [3 Packages xz 0 B] [Waiting for headers]                      585 kB/s 0s100% [3 Packages xz 0 B] [Waiting for headers]                      585 kB/s 0s100% [3 Packages xz 0 B] [Waiting for headers]                      585 kB/s 0s100% [3 Packages xz 0 B] [Waiting for headers]                      585 kB/s 0s100% [3 Packages xz 0 B] [Waiting for headers]                      585 kB/s 0s100% [3 Packages xz 0 B] [Waiting for headers]                      585 kB/s 0s                                                                               Ign http://mirrordirector.raspbian.org jessie/contrib Translation-en_GB
100% [3 Packages xz 0 B]                                            585 kB/s 0s                                                                               Ign http://mirrordirector.raspbian.org jessie/contrib Translation-en
100% [3 Packages xz 0 B]                                            585 kB/s 0s                                                                               Ign http://mirrordirector.raspbian.org jessie/main Translation-en_GB
100% [3 Packages xz 0 B]                                            585 kB/s 0s                                                                               Ign http://mirrordirector.raspbian.org jessie/main Translation-en
100% [3 Packages xz 0 B]                                            585 kB/s 0s                                                                               Ign http://mirrordirector.raspbian.org jessie/non-free Translation-en_GB
100% [3 Packages xz 0 B]                                            585 kB/s 0s                                                                               Ign http://mirrordirector.raspbian.org jessie/non-free Translation-en
100% [3 Packages xz 0 B]                                            585 kB/s 0s                                                                               Ign http://mirrordirector.raspbian.org jessie/rpi Translation-en_GB
                                                                               100% [3 Packages xz 0 B]                        Ign http://mirrordirector.raspbian.org jessie/rpi Translation-en
100% [3 Packages xz 0 B]                        100% [Working]              100% [6 Packages xz 0 B]                        100% [Working]              100% [7 Packages xz 0 B]                        100% [Working]              100% [8 Packages xz 0 B]                        100% [Working]              Fetched 9,288 kB in 18s (498 kB/s)
Reading package lists... 0%Reading package lists... 0%Reading package lists... 1%Reading package lists... 15%Reading package lists... 28%Reading package lists... 42%Reading package lists... 56%Reading package lists... 68%Reading package lists... 79%Reading package lists... 90%Reading package lists... 96%Reading package lists... 96%Reading package lists... 96%Reading package lists... 96%Reading package lists... 97%Reading package lists... 97%Reading package lists... 97%Reading package lists... 97%Reading package lists... 98%Reading package lists... 98%Reading package lists... 99%Reading package lists... 99%Reading package lists... Done
pi@raspberrypi:~ $ 
pi@raspberrypi:~ $ 
pi@raspberrypi:~ $ sudo apt-get upgrade
Reading package lists... 0%Reading package lists... 100%Reading package lists... Done
Building dependency tree... 0%Building dependency tree... 0%Building dependency tree... 50%Building dependency tree... 50%Building dependency tree       
Reading state information... 0%Reading state information... 0%Reading state information... Done
Calculating upgrade... Done
The following packages will be upgraded:
  bind9-host curl gdb gdbserver libbind9-90 libcurl3 libdns-export100
  libdns100 libirs-export91 libisc-export95 libisc95 libisccc90
  libisccfg-export90 libisccfg90 liblwres90 libraspberrypi-bin
  libraspberrypi-dev libraspberrypi-doc libraspberrypi0 libssl1.0.0 openssl
  python-rpi.gpio raspberrypi-bootloader raspberrypi-kernel
  raspberrypi-sys-mods raspi-config
26 upgraded, 0 newly installed, 0 to remove and 0 not upgraded.
Need to get 72.0 MB of archives.
After this operation, 416 kB of additional disk space will be used.
Do you want to continue? [Y/n] y
0% [Working]            0% [Connecting to mirrordirector.raspbian.org (5.153.225.207)] [Waiting for hea                                                                               Get:1 http://archive.raspberrypi.org/debian/ jessie/main gdb armhf 7.7.1+dfsg-5+rpi1 [1,964 kB]
                                                                               0% [Waiting for headers] [1 gdb 2,804 B/1,964 kB 0%]                                                    0% [1 gdb 28.8 kB/1,964 kB 1%]                              Get:2 http://mirrordirector.raspbian.org/raspbian/ jessie/main libssl1.0.0 armhf 1.0.1t-1+deb8u5 [853 kB]
                              0% [2 libssl1.0.0 8,192 B/853 kB 1%] [Waiting for headers] [1 gdb 28.8 kB/1,9641% [2 libssl1.0.0 750 kB/853 kB 88%] [Waiting for headers] [1 gdb 70.8 kB/1,964                                                                               1% [Waiting for headers] [1 gdb 70.8 kB/1,964 kB 4%]                                                    Get:3 http://mirrordirector.raspbian.org/raspbian/ jessie/main curl armhf 7.38.0-4+deb8u5 [196 kB]
                                                    1% [3 curl 0 B/196 kB 0%] [Waiting for headers] [1 gdb 70.8 kB/1,964 kB 4%]                                                                           2% [Waiting for headers] [1 gdb 70.8 kB/1,964 kB 4%]                                                    2% [Waiting for headers] [1 gdb 135 kB/1,964 kB 7%]                                                   Get:4 http://mirrordirector.raspbian.org/raspbian/ jessie/main libcurl3 armhf 7.38.0-4+deb8u5 [232 kB]
                                                   2% [4 libcurl3 0 B/232 kB 0%] [Waiting for headers] [1 gdb 135 kB/1,964 kB 7%]                                                                              2% [Waiting for headers] [1 gdb 196 kB/1,964 kB 10%]2% [Waiting for headers] [1 gdb 379 kB/1,964 kB 19%]                                                    Get:5 http://mirrordirector.raspbian.org/raspbian/ jessie/main libisc-export95 armhf 1:9.9.5.dfsg-9+deb8u8 [124 kB]
                                                    2% [5 libisc-export95 0 B/124 kB 0%] [Waiting for headers] [1 gdb 379 kB/1,964                                                                                2% [Waiting for headers] [1 gdb 379 kB/1,964 kB 19%]3% [Waiting for headers] [1 gdb 637 kB/1,964 kB 32%]                                                    Get:6 http://mirrordirector.raspbian.org/raspbian/ jessie/main libdns-export100 armhf 1:9.9.5.dfsg-9+deb8u8 [399 kB]
                                                    3% [6 libdns-export100 0 B/399 kB 0%] [Waiting for headers] [1 gdb 637 kB/1,964                                                                               3% [Waiting for headers] [1 gdb 637 kB/1,964 kB 32%]4% [Waiting for headers] [1 gdb 909 kB/1,964 kB 46%]                                                    Get:7 http://mirrordirector.raspbian.org/raspbian/ jessie/main libisccfg-export90 armhf 1:9.9.5.dfsg-9+deb8u8 [37.7 kB]
                                                    4% [7 libisccfg-export90 0 B/37.7 kB 0%] [Waiting for headers] [1 gdb 909 kB/1,                                                                               4% [Waiting for headers] [1 gdb 909 kB/1,964 kB 46%]                                                    5% [Waiting for headers] [1 gdb 1,667 kB/1,964 kB 85%]                                                      Get:8 http://mirrordirector.raspbian.org/raspbian/ jessie/main libirs-export91 armhf 1:9.9.5.dfsg-9+deb8u8 [36.4 kB]
                                                      5% [8 libirs-export91 0 B/36.4 kB 0%] [Waiting for headers] [1 gdb 1,733 kB/1,9                                                                               5% [Waiting for headers] [1 gdb 1,769 kB/1,964 kB 90%]                                                      5% [Waiting for headers]                        Get:9 http://archive.raspberrypi.org/debian/ jessie/main gdbserver armhf 7.7.1+dfsg-5+rpi1 [205 kB]
                        5% [Waiting for headers] [9 gdbserver 1,350 B/205 kB 1%]                                                        5% [Waiting for headers] [9 gdbserver 90.1 kB/205 kB 44%]                                                         Get:10 http://mirrordirector.raspbian.org/raspbian/ jessie/main bind9-host armhf 1:9.9.5.dfsg-9+deb8u8 [65.4 kB]
                                                         6% [10 bind9-host 0 B/65.4 kB 0%] [Waiting for headers] [9 gdbserver 132 kB/205                                                                               6% [Waiting for headers] [9 gdbserver 198 kB/205 kB 97%]                                                        6% [Waiting for headers]                        6% [Waiting for headers] [Waiting for headers]                                              Get:11 http://mirrordirector.raspbian.org/raspbian/ jessie/main libisc95 armhf 1:9.9.5.dfsg-9+deb8u8 [150 kB]
                                              6% [11 libisc95 0 B/150 kB 0%] [Waiting for headers] [Waiting for headers]                                                                          6% [Waiting for headers] [Waiting for headers]                                              Get:12 http://archive.raspberrypi.org/debian/ jessie/main python-rpi.gpio armhf 0.6.3~jessie-1 [23.5 kB]
                                              6% [Waiting for headers] [12 python-rpi.gpio 0 B/23.5 kB 0%]                                                            6% [Waiting for headers]                        6% [Waiting for headers] [Waiting for headers]                                              Get:13 http://mirrordirector.raspbian.org/raspbian/ jessie/main libdns100 armhf 1:9.9.5.dfsg-9+deb8u8 [599 kB]
                                              6% [13 libdns100 0 B/599 kB 0%] [Waiting for headers] [Waiting for headers]                                                                           Get:14 http://archive.raspberrypi.org/debian/ jessie/main raspberrypi-sys-mods all 20161018+3 [7,460 B]
                                                                           7% [13 libdns100 527 kB/599 kB 88%] [Waiting for headers] [14 raspberrypi-sys-m                                                                               7% [13 libdns100 527 kB/599 kB 88%] [Waiting for headers]                                                         7% [Waiting for headers] [Waiting for headers]                                              Get:15 http://archive.raspberrypi.org/debian/ jessie/main libraspberrypi-dev armhf 1.20161116-1 [396 kB]
                                              7% [Waiting for headers] [15 libraspberrypi-dev 1,402 B/396 kB 0%]                                                                  7% [Waiting for headers] [15 libraspberrypi-dev 58.7 kB/396 kB 15%]                                                                   Get:16 http://mirrordirector.raspbian.org/raspbian/ jessie/main libisccc90 armhf 1:9.9.5.dfsg-9+deb8u8 [34.1 kB]
                                                                   7% [16 libisccc90 8,177 B/34.1 kB 24%] [Waiting for headers] [15 libraspberrypi                                                                               7% [Waiting for headers] [15 libraspberrypi-dev 58.7 kB/396 kB 15%]                                                                   7% [Waiting for headers]                        7% [Waiting for headers] [Waiting for headers]                                              Get:17 http://mirrordirector.raspbian.org/raspbian/ jessie/main libisccfg90 armhf 1:9.9.5.dfsg-9+deb8u8 [50.1 kB]
                                              7% [17 libisccfg90 8,177 B/50.1 kB 16%] [Waiting for headers] [Waiting for head                                                                               7% [Waiting for headers] [Waiting for headers]                                              Get:18 http://archive.raspberrypi.org/debian/ jessie/main libraspberrypi-doc armhf 1.20161116-1 [31.4 MB]
                                              7% [Waiting for headers] [18 libraspberrypi-doc 24.1 kB/31.4 MB 0%]8% [Waiting for headers] [18 libraspberrypi-doc 64.4 kB/31.4 MB 0%]                                                                   Get:19 http://mirrordirector.raspbian.org/raspbian/ jessie/main libbind9-90 armhf 1:9.9.5.dfsg-9+deb8u8 [41.1 kB]
                                                                   8% [19 libbind9-90 34.8 kB/41.1 kB 85%] [Waiting for headers] [18 libraspberryp                                                                               8% [Waiting for headers] [18 libraspberrypi-doc 64.4 kB/31.4 MB 0%]                                                                   8% [Waiting for headers] [18 libraspberrypi-doc 484 kB/31.4 MB 2%]                                                                  Get:20 http://mirrordirector.raspbian.org/raspbian/ jessie/main liblwres90 armhf 1:9.9.5.dfsg-9+deb8u8 [47.6 kB]
                                                                  8% [20 liblwres90 34.8 kB/47.6 kB 73%] [Waiting for headers] [18 libraspberrypi                                                                               8% [Waiting for headers] [18 libraspberrypi-doc 484 kB/31.4 MB 2%]                                                                  9% [18 libraspberrypi-doc 942 kB/31.4 MB 3%]                   973 kB/s 1min 7s                                                                               Get:21 http://mirrordirector.raspbian.org/raspbian/ jessie/main openssl armhf 1.0.1t-1+deb8u5 [652 kB]
                                                                               9% [21 openssl 16.2 kB/652 kB 2%] [18 libraspberrypi-doc 985 kB/31.4 MB 3%]                                                                           10% [18 libraspberrypi-doc 1,053 kB/31.4 MB 3%]                973 kB/s 1min 6s11% [18 libraspberrypi-doc 1,647 kB/31.4 MB 5%]                973 kB/s 1min 6s12% [18 libraspberrypi-doc 2,193 kB/31.4 MB 7%]                973 kB/s 1min 5s12% [18 libraspberrypi-doc 2,594 kB/31.4 MB 8%]                973 kB/s 1min 5s13% [18 libraspberrypi-doc 3,227 kB/31.4 MB 10%]               973 kB/s 1min 4s14% [18 libraspberrypi-doc 3,927 kB/31.4 MB 13%]               973 kB/s 1min 3s15% [18 libraspberrypi-doc 4,523 kB/31.4 MB 14%]               973 kB/s 1min 3s15% [18 libraspberrypi-doc 5,015 kB/31.4 MB 16%]               973 kB/s 1min 2s16% [18 libraspberrypi-doc 5,660 kB/31.4 MB 18%]               973 kB/s 1min 1s17% [18 libraspberrypi-doc 6,305 kB/31.4 MB 20%]               973 kB/s 1min 1s18% [18 libraspberrypi-doc 6,885 kB/31.4 MB 22%]                   973 kB/s 60s19% [18 libraspberrypi-doc 7,374 kB/31.4 MB 23%]                 1,250 kB/s 46s20% [18 libraspberrypi-doc 8,046 kB/31.4 MB 26%]                 1,250 kB/s 46s21% [18 libraspberrypi-doc 8,675 kB/31.4 MB 28%]                 1,250 kB/s 45s21% [18 libraspberrypi-doc 9,207 kB/31.4 MB 29%]                 1,250 kB/s 45s22% [18 libraspberrypi-doc 9,862 kB/31.4 MB 31%]                 1,250 kB/s 44s23% [18 libraspberrypi-doc 10.5 MB/31.4 MB 34%]                  1,250 kB/s 44s24% [18 libraspberrypi-doc 11.2 MB/31.4 MB 36%]                  1,250 kB/s 43s25% [18 libraspberrypi-doc 11.8 MB/31.4 MB 38%]                  1,250 kB/s 43s26% [18 libraspberrypi-doc 12.5 MB/31.4 MB 40%]                  1,250 kB/s 42s27% [18 libraspberrypi-doc 13.3 MB/31.4 MB 42%]                  1,250 kB/s 42s28% [18 libraspberrypi-doc 14.1 MB/31.4 MB 45%]                  1,250 kB/s 41s29% [18 libraspberrypi-doc 14.9 MB/31.4 MB 47%]                  1,250 kB/s 40s30% [18 libraspberrypi-doc 15.8 MB/31.4 MB 50%]                  1,399 kB/s 35s32% [18 libraspberrypi-doc 16.8 MB/31.4 MB 54%]                  1,399 kB/s 35s33% [18 libraspberrypi-doc 18.0 MB/31.4 MB 57%]                  1,399 kB/s 34s35% [18 libraspberrypi-doc 18.9 MB/31.4 MB 60%]                  1,399 kB/s 33s37% [18 libraspberrypi-doc 20.2 MB/31.4 MB 64%]                  1,399 kB/s 32s39% [18 libraspberrypi-doc 21.7 MB/31.4 MB 69%]                  1,399 kB/s 31s41% [18 libraspberrypi-doc 23.3 MB/31.4 MB 74%]                  1,399 kB/s 30s43% [18 libraspberrypi-doc 24.8 MB/31.4 MB 79%]                  1,399 kB/s 29s46% [18 libraspberrypi-doc 26.7 MB/31.4 MB 85%]                  1,399 kB/s 28s49% [18 libraspberrypi-doc 28.8 MB/31.4 MB 92%]                  1,399 kB/s 26s52% [18 libraspberrypi-doc 31.1 MB/31.4 MB 99%]                  1,399 kB/s 24s52% [Working]                                                    1,399 kB/s 24s                                                                               Get:22 http://archive.raspberrypi.org/debian/ jessie/main raspberrypi-kernel armhf 1.20161116-1 [30.1 MB]
52% [22 raspberrypi-kernel 9,594 B/30.1 MB 0%]                   1,399 kB/s 24s53% [22 raspberrypi-kernel 312 kB/30.1 MB 1%]                    1,399 kB/s 24s53% [22 raspberrypi-kernel 652 kB/30.1 MB 2%]                    2,549 kB/s 13s56% [22 raspberrypi-kernel 2,842 kB/30.1 MB 9%]                  2,549 kB/s 12s56% [22 raspberrypi-kernel 3,095 kB/30.1 MB 10%]                 2,549 kB/s 12s58% [22 raspberrypi-kernel 4,300 kB/30.1 MB 14%]                 2,549 kB/s 11s59% [22 raspberrypi-kernel 5,250 kB/30.1 MB 17%]                 2,549 kB/s 11s61% [22 raspberrypi-kernel 6,095 kB/30.1 MB 20%]                 2,549 kB/s 11s61% [22 raspberrypi-kernel 6,751 kB/30.1 MB 22%]                 2,549 kB/s 10s63% [22 raspberrypi-kernel 7,783 kB/30.1 MB 26%]                 2,549 kB/s 10s64% [22 raspberrypi-kernel 8,856 kB/30.1 MB 29%]                 2,549 kB/s 10s66% [22 raspberrypi-kernel 9,673 kB/30.1 MB 32%]                  2,549 kB/s 9s67% [22 raspberrypi-kernel 10.5 MB/30.1 MB 35%]                   2,549 kB/s 9s68% [22 raspberrypi-kernel 11.6 MB/30.1 MB 38%]                   2,549 kB/s 9s70% [22 raspberrypi-kernel 12.6 MB/30.1 MB 42%]                  1,991 kB/s 10s71% [22 raspberrypi-kernel 13.5 MB/30.1 MB 45%]                  1,991 kB/s 10s72% [22 raspberrypi-kernel 14.3 MB/30.1 MB 48%]                  1,991 kB/s 10s73% [22 raspberrypi-kernel 15.4 MB/30.1 MB 51%]                   1,991 kB/s 9s75% [22 raspberrypi-kernel 16.4 MB/30.1 MB 55%]                   1,991 kB/s 9s76% [22 raspberrypi-kernel 17.2 MB/30.1 MB 57%]                   1,991 kB/s 8s77% [22 raspberrypi-kernel 18.1 MB/30.1 MB 60%]                   1,991 kB/s 8s79% [22 raspberrypi-kernel 19.2 MB/30.1 MB 64%]                   1,991 kB/s 7s80% [22 raspberrypi-kernel 20.4 MB/30.1 MB 68%]                   1,991 kB/s 7s82% [22 raspberrypi-kernel 21.2 MB/30.1 MB 71%]                   1,991 kB/s 6s83% [22 raspberrypi-kernel 22.2 MB/30.1 MB 74%]                   1,991 kB/s 6s84% [22 raspberrypi-kernel 23.3 MB/30.1 MB 78%]                   1,991 kB/s 5s86% [22 raspberrypi-kernel 24.5 MB/30.1 MB 81%]                   1,974 kB/s 5s87% [22 raspberrypi-kernel 25.5 MB/30.1 MB 85%]                   1,974 kB/s 4s89% [22 raspberrypi-kernel 26.6 MB/30.1 MB 88%]                   1,974 kB/s 4s91% [22 raspberrypi-kernel 27.9 MB/30.1 MB 93%]                   1,974 kB/s 3s93% [22 raspberrypi-kernel 29.2 MB/30.1 MB 97%]                   1,974 kB/s 2s94% [Working]                                                     1,974 kB/s 2s                                                                               Get:23 http://archive.raspberrypi.org/debian/ jessie/main libraspberrypi-bin armhf 1.20161116-1 [330 kB]
94% [23 libraspberrypi-bin 0 B/330 kB 0%]                         1,974 kB/s 2s94% [Working]                                                     1,974 kB/s 2s                                                                               Get:24 http://archive.raspberrypi.org/debian/ jessie/main libraspberrypi0 armhf 1.20161116-1 [841 kB]
94% [24 libraspberrypi0 0 B/841 kB 0%]                            1,974 kB/s 2s95% [24 libraspberrypi0 258 kB/841 kB 31%]                        1,974 kB/s 1s95% [Working]                                                     1,974 kB/s 1s                                                                               Get:25 http://archive.raspberrypi.org/debian/ jessie/main raspberrypi-bootloader armhf 1.20161116-1 [3,260 kB]
95% [25 raspberrypi-bootloader 0 B/3,260 kB 0%]                   1,974 kB/s 1s96% [25 raspberrypi-bootloader 524 kB/3,260 kB 16%]               1,974 kB/s 1s97% [25 raspberrypi-bootloader 1,035 kB/3,260 kB 32%]             1,974 kB/s 1s98% [25 raspberrypi-bootloader 1,581 kB/3,260 kB 49%]             1,974 kB/s 0s98% [25 raspberrypi-bootloader 1,931 kB/3,260 kB 59%]             1,374 kB/s 0s99% [25 raspberrypi-bootloader 2,420 kB/3,260 kB 74%]             1,374 kB/s 0s100% [25 raspberrypi-bootloader 3,065 kB/3,260 kB 94%]            1,374 kB/s 0s100% [Working]                                                    1,374 kB/s 0s                                                                               Get:26 http://archive.raspberrypi.org/debian/ jessie/main raspi-config all 20161114 [17.0 kB]
100% [26 raspi-config 0 B/17.0 kB 0%]                             1,374 kB/s 0s100% [Working]                                                    1,374 kB/s 0s                                                                               Fetched 72.0 MB in 44s (1,625 kB/s)
Reading changelogs... 3%Reading changelogs... 7%Reading changelogs... 11%Reading changelogs... 15%Reading changelogs... 19%Reading changelogs... 23%Reading changelogs... 26%Reading changelogs... 30%Reading changelogs... 34%Reading changelogs... 38%Reading changelogs... 42%Reading changelogs... 46%Reading changelogs... 50%Reading changelogs... 53%Reading changelogs... 57%Reading changelogs... 61%Reading changelogs... 65%Reading changelogs... 69%Reading changelogs... 73%Reading changelogs... 76%Reading changelogs... 80%Reading changelogs... 84%Reading changelogs... 88%Reading changelogs... 92%Reading changelogs... 96%Reading changelogs... 100%                          Reading changelogs... Done
raspberrypi-sys-mods (20161018+3) jessie; urgency=medium

  * The 20161018 release has introduced a /etc/sudoers.d/010_pi-nopasswd file.
    - The file is installed even if the "pi ALL=(ALL) NOPASSWD: ALL" entry has b een
      previously removed from /etc/sudoers by the user.
    - If you do not want the entry to exist, please comment out or remove 010_pi -nopasswd.
    - If upgrading to 20161018+3 from a version earlier than 20161018, the line  in
      010_pi-nopasswd is automatically commented out if the entry doesn't exist  in sudoers.
    - See https://github.com/RPi-Distro/raspberrypi-sys-mods/issues/6

 -- Serge Schneider <serge@raspberrypi.org>  Wed, 19 Oct 2016 10:52:07 +0100

(q to quit)Preconfiguring packages ...
(Reading database ... (Reading database ... 5%(Reading database ... 10%(Reading database ... 15%(Reading database ... 20%(Reading database ... 25%(Reading database ... 30%(Reading database ... 35%(Reading database ... 40%(Reading database ... 45%(Reading database ... 50%(Reading database ... 55%(Reading database ... 60%(Reading database ... 65%(Reading database ... 70%(Reading database ... 75%(Reading database ... 80%(Reading database ... 85%(Reading database ... 90%(Reading database ... 95%(Reading database ... 100%(Reading database ... 31216 files and directories currently installed.)
Preparing to unpack .../libssl1.0.0_1.0.1t-1+deb8u5_armhf.deb ...
Unpacking libssl1.0.0:armhf (1.0.1t-1+deb8u5) over (1.0.1t-1+deb8u3) ...
Preparing to unpack .../curl_7.38.0-4+deb8u5_armhf.deb ...
Unpacking curl (7.38.0-4+deb8u5) over (7.38.0-4+deb8u4) ...
Preparing to unpack .../libcurl3_7.38.0-4+deb8u5_armhf.deb ...
Unpacking libcurl3:armhf (7.38.0-4+deb8u5) over (7.38.0-4+deb8u4) ...
Preparing to unpack .../libisc-export95_1%3a9.9.5.dfsg-9+deb8u8_armhf.deb ...
Unpacking libisc-export95 (1:9.9.5.dfsg-9+deb8u8) over (1:9.9.5.dfsg-9+deb8u6) ...
Preparing to unpack .../libdns-export100_1%3a9.9.5.dfsg-9+deb8u8_armhf.deb ...
Unpacking libdns-export100 (1:9.9.5.dfsg-9+deb8u8) over (1:9.9.5.dfsg-9+deb8u6) ...
Preparing to unpack .../libisccfg-export90_1%3a9.9.5.dfsg-9+deb8u8_armhf.deb ...
Unpacking libisccfg-export90 (1:9.9.5.dfsg-9+deb8u8) over (1:9.9.5.dfsg-9+deb8u6) ...
Preparing to unpack .../libirs-export91_1%3a9.9.5.dfsg-9+deb8u8_armhf.deb ...
Unpacking libirs-export91 (1:9.9.5.dfsg-9+deb8u8) over (1:9.9.5.dfsg-9+deb8u6) ...
Preparing to unpack .../bind9-host_1%3a9.9.5.dfsg-9+deb8u8_armhf.deb ...
Unpacking bind9-host (1:9.9.5.dfsg-9+deb8u8) over (1:9.9.5.dfsg-9+deb8u6) ...
Preparing to unpack .../libisc95_1%3a9.9.5.dfsg-9+deb8u8_armhf.deb ...
Unpacking libisc95 (1:9.9.5.dfsg-9+deb8u8) over (1:9.9.5.dfsg-9+deb8u6) ...
Preparing to unpack .../libdns100_1%3a9.9.5.dfsg-9+deb8u8_armhf.deb ...
Unpacking libdns100 (1:9.9.5.dfsg-9+deb8u8) over (1:9.9.5.dfsg-9+deb8u6) ...
Preparing to unpack .../libisccc90_1%3a9.9.5.dfsg-9+deb8u8_armhf.deb ...
Unpacking libisccc90 (1:9.9.5.dfsg-9+deb8u8) over (1:9.9.5.dfsg-9+deb8u6) ...
Preparing to unpack .../libisccfg90_1%3a9.9.5.dfsg-9+deb8u8_armhf.deb ...
Unpacking libisccfg90 (1:9.9.5.dfsg-9+deb8u8) over (1:9.9.5.dfsg-9+deb8u6) ...
Preparing to unpack .../libbind9-90_1%3a9.9.5.dfsg-9+deb8u8_armhf.deb ...
Unpacking libbind9-90 (1:9.9.5.dfsg-9+deb8u8) over (1:9.9.5.dfsg-9+deb8u6) ...
Preparing to unpack .../liblwres90_1%3a9.9.5.dfsg-9+deb8u8_armhf.deb ...
Unpacking liblwres90 (1:9.9.5.dfsg-9+deb8u8) over (1:9.9.5.dfsg-9+deb8u6) ...
Preparing to unpack .../gdb_7.7.1+dfsg-5+rpi1_armhf.deb ...
Unpacking gdb (7.7.1+dfsg-5+rpi1) over (7.7.1+dfsg-5) ...
Preparing to unpack .../gdbserver_7.7.1+dfsg-5+rpi1_armhf.deb ...
Unpacking gdbserver (7.7.1+dfsg-5+rpi1) over (7.7.1+dfsg-5) ...
Preparing to unpack .../openssl_1.0.1t-1+deb8u5_armhf.deb ...
Unpacking openssl (1.0.1t-1+deb8u5) over (1.0.1t-1+deb8u3) ...
Preparing to unpack .../python-rpi.gpio_0.6.3~jessie-1_armhf.deb ...
Unpacking python-rpi.gpio (0.6.3~jessie-1) over (0.6.2~jessie-1) ...
Preparing to unpack .../raspberrypi-sys-mods_20161018+3_all.deb ...
Unpacking raspberrypi-sys-mods (20161018+3) over (20160916) ...
Preparing to unpack .../libraspberrypi-dev_1.20161116-1_armhf.deb ...
Unpacking libraspberrypi-dev (1.20161116-1) over (1.20160921-1) ...
Preparing to unpack .../libraspberrypi-doc_1.20161116-1_armhf.deb ...
Unpacking libraspberrypi-doc (1.20161116-1) over (1.20160921-1) ...
Preparing to unpack .../raspberrypi-kernel_1.20161116-1_armhf.deb ...
Adding 'diversion of /boot/bcm2708-rpi-b-plus.dtb to /usr/share/rpikernelhack/bcm2708-rpi-b-plus.dtb by rpikernelhack'
Adding 'diversion of /boot/bcm2708-rpi-b.dtb to /usr/share/rpikernelhack/bcm2708-rpi-b.dtb by rpikernelhack'
Adding 'diversion of /boot/bcm2708-rpi-cm.dtb to /usr/share/rpikernelhack/bcm2708-rpi-cm.dtb by rpikernelhack'
Adding 'diversion of /boot/bcm2709-rpi-2-b.dtb to /usr/share/rpikernelhack/bcm2709-rpi-2-b.dtb by rpikernelhack'
Adding 'diversion of /boot/bcm2710-rpi-3-b.dtb to /usr/share/rpikernelhack/bcm2710-rpi-3-b.dtb by rpikernelhack'
Adding 'diversion of /boot/bcm2710-rpi-cm3.dtb to /usr/share/rpikernelhack/bcm2710-rpi-cm3.dtb by rpikernelhack'
Adding 'diversion of /boot/kernel.img to /usr/share/rpikernelhack/kernel.img by rpikernelhack'
Adding 'diversion of /boot/kernel7.img to /usr/share/rpikernelhack/kernel7.img by rpikernelhack'
Adding 'diversion of /boot/COPYING.linux to /usr/share/rpikernelhack/COPYING.linux by rpikernelhack'
Adding 'diversion of /boot/overlays/README to /usr/share/rpikernelhack/overlays/README by rpikernelhack'
Adding 'diversion of /boot/overlays/adau1977-adc.dtbo to /usr/share/rpikernelhack/overlays/adau1977-adc.dtbo by rpikernelhack'
Adding 'diversion of /boot/overlays/ads1015.dtbo to /usr/share/rpikernelhack/overlays/ads1015.dtbo by rpikernelhack'
Adding 'diversion of /boot/overlays/ads7846.dtbo to /usr/share/rpikernelhack/overlays/ads7846.dtbo by rpikernelhack'
Adding 'diversion of /boot/overlays/akkordion-iqdacplus.dtbo to /usr/share/rpikernelhack/overlays/akkordion-iqdacplus.dtbo by rpikernelhack'
Adding 'diversion of /boot/overlays/allo-piano-dac-pcm512x-audio.dtbo to /usr/share/rpikernelhack/overlays/allo-piano-dac-pcm512x-audio.dtbo by rpikernelhack'
Adding 'diversion of /boot/overlays/at86rf233.dtbo to /usr/share/rpikernelhack/overlays/at86rf233.dtbo by rpikernelhack'
Adding 'diversion of /boot/overlays/audioinjector-wm8731-audio.dtbo to /usr/share/rpikernelhack/overlays/audioinjector-wm8731-audio.dtbo by rpikernelhack'
Adding 'diversion of /boot/overlays/audremap.dtbo to /usr/share/rpikernelhack/overlays/audremap.dtbo by rpikernelhack'
Adding 'diversion of /boot/overlays/bmp085_i2c-sensor.dtbo to /usr/share/rpikernelhack/overlays/bmp085_i2c-sensor.dtbo by rpikernelhack'
Adding 'diversion of /boot/overlays/dht11.dtbo to /usr/share/rpikernelhack/overlays/dht11.dtbo by rpikernelhack'
Adding 'diversion of /boot/overlays/dionaudio-loco.dtbo to /usr/share/rpikernelhack/overlays/dionaudio-loco.dtbo by rpikernelhack'
Adding 'diversion of /boot/overlays/dpi18.dtbo to /usr/share/rpikernelhack/overlays/dpi18.dtbo by rpikernelhack'
Adding 'diversion of /boot/overlays/dpi24.dtbo to /usr/share/rpikernelhack/overlays/dpi24.dtbo by rpikernelhack'
Adding 'diversion of /boot/overlays/dwc-otg.dtbo to /usr/share/rpikernelhack/overlays/dwc-otg.dtbo by rpikernelhack'
Adding 'diversion of /boot/overlays/dwc2.dtbo to /usr/share/rpikernelhack/overlays/dwc2.dtbo by rpikernelhack'
Adding 'diversion of /boot/overlays/enc28j60.dtbo to /usr/share/rpikernelhack/overlays/enc28j60.dtbo by rpikernelhack'
Adding 'diversion of /boot/overlays/gpio-ir.dtbo to /usr/share/rpikernelhack/overlays/gpio-ir.dtbo by rpikernelhack'
Adding 'diversion of /boot/overlays/gpio-poweroff.dtbo to /usr/share/rpikernelhack/overlays/gpio-poweroff.dtbo by rpikernelhack'
Adding 'diversion of /boot/overlays/hifiberry-amp.dtbo to /usr/share/rpikernelhack/overlays/hifiberry-amp.dtbo by rpikernelhack'
Adding 'diversion of /boot/overlays/hifiberry-dac.dtbo to /usr/share/rpikernelhack/overlays/hifiberry-dac.dtbo by rpikernelhack'
Adding 'diversion of /boot/overlays/hifiberry-dacplus.dtbo to /usr/share/rpikernelhack/overlays/hifiberry-dacplus.dtbo by rpikernelhack'
Adding 'diversion of /boot/overlays/hifiberry-digi-pro.dtbo to /usr/share/rpikernelhack/overlays/hifiberry-digi-pro.dtbo by rpikernelhack'
Adding 'diversion of /boot/overlays/hifiberry-digi.dtbo to /usr/share/rpikernelhack/overlays/hifiberry-digi.dtbo by rpikernelhack'
Adding 'diversion of /boot/overlays/hy28a.dtbo to /usr/share/rpikernelhack/overlays/hy28a.dtbo by rpikernelhack'
Adding 'diversion of /boot/overlays/hy28b.dtbo to /usr/share/rpikernelhack/overlays/hy28b.dtbo by rpikernelhack'
Adding 'diversion of /boot/overlays/i2c-gpio.dtbo to /usr/share/rpikernelhack/overlays/i2c-gpio.dtbo by rpikernelhack'
Adding 'diversion of /boot/overlays/i2c-mux.dtbo to /usr/share/rpikernelhack/overlays/i2c-mux.dtbo by rpikernelhack'
Adding 'diversion of /boot/overlays/i2c-pwm-pca9685a.dtbo to /usr/share/rpikernelhack/overlays/i2c-pwm-pca9685a.dtbo by rpikernelhack'
Adding 'diversion of /boot/overlays/i2c-rtc.dtbo to /usr/share/rpikernelhack/overlays/i2c-rtc.dtbo by rpikernelhack'
Adding 'diversion of /boot/overlays/i2c0-bcm2708.dtbo to /usr/share/rpikernelhack/overlays/i2c0-bcm2708.dtbo by rpikernelhack'
Adding 'diversion of /boot/overlays/i2c1-bcm2708.dtbo to /usr/share/rpikernelhack/overlays/i2c1-bcm2708.dtbo by rpikernelhack'
Adding 'diversion of /boot/overlays/i2s-gpio28-31.dtbo to /usr/share/rpikernelhack/overlays/i2s-gpio28-31.dtbo by rpikernelhack'
Adding 'diversion of /boot/overlays/i2s-mmap.dtbo to /usr/share/rpikernelhack/overlays/i2s-mmap.dtbo by rpikernelhack'
Adding 'diversion of /boot/overlays/iqaudio-dac.dtbo to /usr/share/rpikernelhack/overlays/iqaudio-dac.dtbo by rpikernelhack'
Adding 'diversion of /boot/overlays/iqaudio-dacplus.dtbo to /usr/share/rpikernelhack/overlays/iqaudio-dacplus.dtbo by rpikernelhack'
Adding 'diversion of /boot/overlays/iqaudio-digi-wm8804-audio.dtbo to /usr/share/rpikernelhack/overlays/iqaudio-digi-wm8804-audio.dtbo by rpikernelhack'
Adding 'diversion of /boot/overlays/justboom-dac.dtbo to /usr/share/rpikernelhack/overlays/justboom-dac.dtbo by rpikernelhack'
Adding 'diversion of /boot/overlays/justboom-digi.dtbo to /usr/share/rpikernelhack/overlays/justboom-digi.dtbo by rpikernelhack'
Adding 'diversion of /boot/overlays/lirc-rpi.dtbo to /usr/share/rpikernelhack/overlays/lirc-rpi.dtbo by rpikernelhack'
Adding 'diversion of /boot/overlays/mcp23017.dtbo to /usr/share/rpikernelhack/overlays/mcp23017.dtbo by rpikernelhack'
Adding 'diversion of /boot/overlays/mcp23s17.dtbo to /usr/share/rpikernelhack/overlays/mcp23s17.dtbo by rpikernelhack'
Adding 'diversion of /boot/overlays/mcp2515-can0.dtbo to /usr/share/rpikernelhack/overlays/mcp2515-can0.dtbo by rpikernelhack'
Adding 'diversion of /boot/overlays/mcp2515-can1.dtbo to /usr/share/rpikernelhack/overlays/mcp2515-can1.dtbo by rpikernelhack'
Adding 'diversion of /boot/overlays/mmc.dtbo to /usr/share/rpikernelhack/overlays/mmc.dtbo by rpikernelhack'
Adding 'diversion of /boot/overlays/mz61581.dtbo to /usr/share/rpikernelhack/overlays/mz61581.dtbo by rpikernelhack'
Adding 'diversion of /boot/overlays/pi3-act-led.dtbo to /usr/share/rpikernelhack/overlays/pi3-act-led.dtbo by rpikernelhack'
Adding 'diversion of /boot/overlays/pi3-disable-bt.dtbo to /usr/share/rpikernelhack/overlays/pi3-disable-bt.dtbo by rpikernelhack'
Adding 'diversion of /boot/overlays/pi3-miniuart-bt.dtbo to /usr/share/rpikernelhack/overlays/pi3-miniuart-bt.dtbo by rpikernelhack'
Adding 'diversion of /boot/overlays/piscreen.dtbo to /usr/share/rpikernelhack/overlays/piscreen.dtbo by rpikernelhack'
Adding 'diversion of /boot/overlays/piscreen2r.dtbo to /usr/share/rpikernelhack/overlays/piscreen2r.dtbo by rpikernelhack'
Adding 'diversion of /boot/overlays/pisound.dtbo to /usr/share/rpikernelhack/overlays/pisound.dtbo by rpikernelhack'
Adding 'diversion of /boot/overlays/pitft22.dtbo to /usr/share/rpikernelhack/overlays/pitft22.dtbo by rpikernelhack'
Adding 'diversion of /boot/overlays/pitft28-capacitive.dtbo to /usr/share/rpikernelhack/overlays/pitft28-capacitive.dtbo by rpikernelhack'
Adding 'diversion of /boot/overlays/pitft28-resistive.dtbo to /usr/share/rpikernelhack/overlays/pitft28-resistive.dtbo by rpikernelhack'
Adding 'diversion of /boot/overlays/pitft35-resistive.dtbo to /usr/share/rpikernelhack/overlays/pitft35-resistive.dtbo by rpikernelhack'
Adding 'diversion of /boot/overlays/pps-gpio.dtbo to /usr/share/rpikernelhack/overlays/pps-gpio.dtbo by rpikernelhack'
Adding 'diversion of /boot/overlays/pwm-2chan.dtbo to /usr/share/rpikernelhack/overlays/pwm-2chan.dtbo by rpikernelhack'
Adding 'diversion of /boot/overlays/pwm.dtbo to /usr/share/rpikernelhack/overlays/pwm.dtbo by rpikernelhack'
Adding 'diversion of /boot/overlays/qca7000.dtbo to /usr/share/rpikernelhack/overlays/qca7000.dtbo by rpikernelhack'
Adding 'diversion of /boot/overlays/raspidac3.dtbo to /usr/share/rpikernelhack/overlays/raspidac3.dtbo by rpikernelhack'
Adding 'diversion of /boot/overlays/rpi-backlight.dtbo to /usr/share/rpikernelhack/overlays/rpi-backlight.dtbo by rpikernelhack'
Adding 'diversion of /boot/overlays/rpi-dac.dtbo to /usr/share/rpikernelhack/overlays/rpi-dac.dtbo by rpikernelhack'
Adding 'diversion of /boot/overlays/rpi-display.dtbo to /usr/share/rpikernelhack/overlays/rpi-display.dtbo by rpikernelhack'
Adding 'diversion of /boot/overlays/rpi-ft5406.dtbo to /usr/share/rpikernelhack/overlays/rpi-ft5406.dtbo by rpikernelhack'
Adding 'diversion of /boot/overlays/rpi-proto.dtbo to /usr/share/rpikernelhack/overlays/rpi-proto.dtbo by rpikernelhack'
Adding 'diversion of /boot/overlays/rpi-sense.dtbo to /usr/share/rpikernelhack/overlays/rpi-sense.dtbo by rpikernelhack'
Adding 'diversion of /boot/overlays/rra-digidac1-wm8741-audio.dtbo to /usr/share/rpikernelhack/overlays/rra-digidac1-wm8741-audio.dtbo by rpikernelhack'
Adding 'diversion of /boot/overlays/sc16is750-i2c.dtbo to /usr/share/rpikernelhack/overlays/sc16is750-i2c.dtbo by rpikernelhack'
Adding 'diversion of /boot/overlays/sc16is752-spi1.dtbo to /usr/share/rpikernelhack/overlays/sc16is752-spi1.dtbo by rpikernelhack'
Adding 'diversion of /boot/overlays/sdhost.dtbo to /usr/share/rpikernelhack/overlays/sdhost.dtbo by rpikernelhack'
Adding 'diversion of /boot/overlays/sdio-1bit.dtbo to /usr/share/rpikernelhack/overlays/sdio-1bit.dtbo by rpikernelhack'
Adding 'diversion of /boot/overlays/sdio.dtbo to /usr/share/rpikernelhack/overlays/sdio.dtbo by rpikernelhack'
Adding 'diversion of /boot/overlays/sdtweak.dtbo to /usr/share/rpikernelhack/overlays/sdtweak.dtbo by rpikernelhack'
Adding 'diversion of /boot/overlays/smi-dev.dtbo to /usr/share/rpikernelhack/overlays/smi-dev.dtbo by rpikernelhack'
Adding 'diversion of /boot/overlays/smi-nand.dtbo to /usr/share/rpikernelhack/overlays/smi-nand.dtbo by rpikernelhack'
Adding 'diversion of /boot/overlays/smi.dtbo to /usr/share/rpikernelhack/overlays/smi.dtbo by rpikernelhack'
Adding 'diversion of /boot/overlays/spi-gpio35-39.dtbo to /usr/share/rpikernelhack/overlays/spi-gpio35-39.dtbo by rpikernelhack'
Adding 'diversion of /boot/overlays/spi-rtc.dtbo to /usr/share/rpikernelhack/overlays/spi-rtc.dtbo by rpikernelhack'
Adding 'diversion of /boot/overlays/spi0-hw-cs.dtbo to /usr/share/rpikernelhack/overlays/spi0-hw-cs.dtbo by rpikernelhack'
Adding 'diversion of /boot/overlays/spi1-1cs.dtbo to /usr/share/rpikernelhack/overlays/spi1-1cs.dtbo by rpikernelhack'
Adding 'diversion of /boot/overlays/spi1-2cs.dtbo to /usr/share/rpikernelhack/overlays/spi1-2cs.dtbo by rpikernelhack'
Adding 'diversion of /boot/overlays/spi1-3cs.dtbo to /usr/share/rpikernelhack/overlays/spi1-3cs.dtbo by rpikernelhack'
Adding 'diversion of /boot/overlays/spi2-1cs.dtbo to /usr/share/rpikernelhack/overlays/spi2-1cs.dtbo by rpikernelhack'
Adding 'diversion of /boot/overlays/spi2-2cs.dtbo to /usr/share/rpikernelhack/overlays/spi2-2cs.dtbo by rpikernelhack'
Adding 'diversion of /boot/overlays/spi2-3cs.dtbo to /usr/share/rpikernelhack/overlays/spi2-3cs.dtbo by rpikernelhack'
Adding 'diversion of /boot/overlays/tinylcd35.dtbo to /usr/share/rpikernelhack/overlays/tinylcd35.dtbo by rpikernelhack'
Adding 'diversion of /boot/overlays/uart1.dtbo to /usr/share/rpikernelhack/overlays/uart1.dtbo by rpikernelhack'
Adding 'diversion of /boot/overlays/vc4-fkms-v3d.dtbo to /usr/share/rpikernelhack/overlays/vc4-fkms-v3d.dtbo by rpikernelhack'
Adding 'diversion of /boot/overlays/vc4-kms-v3d.dtbo to /usr/share/rpikernelhack/overlays/vc4-kms-v3d.dtbo by rpikernelhack'
Adding 'diversion of /boot/overlays/vga666.dtbo to /usr/share/rpikernelhack/overlays/vga666.dtbo by rpikernelhack'
Adding 'diversion of /boot/overlays/w1-gpio-pullup.dtbo to /usr/share/rpikernelhack/overlays/w1-gpio-pullup.dtbo by rpikernelhack'
Adding 'diversion of /boot/overlays/w1-gpio.dtbo to /usr/share/rpikernelhack/overlays/w1-gpio.dtbo by rpikernelhack'
Adding 'diversion of /boot/overlays/wittypi.dtbo to /usr/share/rpikernelhack/overlays/wittypi.dtbo by rpikernelhack'
Unpacking raspberrypi-kernel (1.20161116-1) over (1.20160921-1) ...
run-parts: executing /etc/kernel/postrm.d/initramfs-tools 4.4.21+ /boot/kernel.img
run-parts: executing /etc/kernel/postrm.d/initramfs-tools 4.4.21-v7+ /boot/kernel7.img
Preparing to unpack .../libraspberrypi-bin_1.20161116-1_armhf.deb ...
Unpacking libraspberrypi-bin (1.20161116-1) over (1.20160921-1) ...
Preparing to unpack .../libraspberrypi0_1.20161116-1_armhf.deb ...
Unpacking libraspberrypi0 (1.20161116-1) over (1.20160921-1) ...
Preparing to unpack .../raspberrypi-bootloader_1.20161116-1_armhf.deb ...
Adding 'diversion of /boot/start.elf to /usr/share/rpikernelhack/start.elf by rpikernelhack'
Adding 'diversion of /boot/start_cd.elf to /usr/share/rpikernelhack/start_cd.elf by rpikernelhack'
Adding 'diversion of /boot/start_db.elf to /usr/share/rpikernelhack/start_db.elf by rpikernelhack'
Adding 'diversion of /boot/start_x.elf to /usr/share/rpikernelhack/start_x.elf by rpikernelhack'
Adding 'diversion of /boot/fixup.dat to /usr/share/rpikernelhack/fixup.dat by rpikernelhack'
Adding 'diversion of /boot/fixup_cd.dat to /usr/share/rpikernelhack/fixup_cd.dat by rpikernelhack'
Adding 'diversion of /boot/fixup_db.dat to /usr/share/rpikernelhack/fixup_db.dat by rpikernelhack'
Adding 'diversion of /boot/fixup_x.dat to /usr/share/rpikernelhack/fixup_x.dat by rpikernelhack'
Adding 'diversion of /boot/bootcode.bin to /usr/share/rpikernelhack/bootcode.bin by rpikernelhack'
Adding 'diversion of /boot/LICENCE.broadcom to /usr/share/rpikernelhack/LICENCE.broadcom by rpikernelhack'
Unpacking raspberrypi-bootloader (1.20161116-1) over (1.20160921-1) ...
Preparing to unpack .../raspi-config_20161114_all.deb ...
Unpacking raspi-config (20161114) over (20160810) ...
Processing triggers for man-db (2.7.0.2-5) ...
Processing triggers for systemd (215-17+deb8u5) ...
Setting up libssl1.0.0:armhf (1.0.1t-1+deb8u5) ...
Setting up libcurl3:armhf (7.38.0-4+deb8u5) ...
Setting up curl (7.38.0-4+deb8u5) ...
Setting up libisc-export95 (1:9.9.5.dfsg-9+deb8u8) ...
Setting up libdns-export100 (1:9.9.5.dfsg-9+deb8u8) ...
Setting up libisccfg-export90 (1:9.9.5.dfsg-9+deb8u8) ...
Setting up libirs-export91 (1:9.9.5.dfsg-9+deb8u8) ...
Setting up libisc95 (1:9.9.5.dfsg-9+deb8u8) ...
Setting up libdns100 (1:9.9.5.dfsg-9+deb8u8) ...
Setting up libisccc90 (1:9.9.5.dfsg-9+deb8u8) ...
Setting up libisccfg90 (1:9.9.5.dfsg-9+deb8u8) ...
Setting up libbind9-90 (1:9.9.5.dfsg-9+deb8u8) ...
Setting up liblwres90 (1:9.9.5.dfsg-9+deb8u8) ...
Setting up bind9-host (1:9.9.5.dfsg-9+deb8u8) ...
Setting up gdb (7.7.1+dfsg-5+rpi1) ...
Setting up gdbserver (7.7.1+dfsg-5+rpi1) ...
Setting up openssl (1.0.1t-1+deb8u5) ...
Setting up python-rpi.gpio (0.6.3~jessie-1) ...
Setting up raspberrypi-sys-mods (20161018+3) ...
Removing old NOPASSWD line, if present...
Setting up raspberrypi-bootloader (1.20161116-1) ...
Removing 'diversion of /boot/start.elf to /usr/share/rpikernelhack/start.elf by rpikernelhack'
Removing 'diversion of /boot/start_cd.elf to /usr/share/rpikernelhack/start_cd.elf by rpikernelhack'
Removing 'diversion of /boot/start_db.elf to /usr/share/rpikernelhack/start_db.elf by rpikernelhack'
Removing 'diversion of /boot/start_x.elf to /usr/share/rpikernelhack/start_x.elf by rpikernelhack'
Removing 'diversion of /boot/fixup.dat to /usr/share/rpikernelhack/fixup.dat by rpikernelhack'
Removing 'diversion of /boot/fixup_cd.dat to /usr/share/rpikernelhack/fixup_cd.dat by rpikernelhack'
Removing 'diversion of /boot/fixup_db.dat to /usr/share/rpikernelhack/fixup_db.dat by rpikernelhack'
Removing 'diversion of /boot/fixup_x.dat to /usr/share/rpikernelhack/fixup_x.dat by rpikernelhack'
Removing 'diversion of /boot/bootcode.bin to /usr/share/rpikernelhack/bootcode.bin by rpikernelhack'
Removing 'diversion of /boot/LICENCE.broadcom to /usr/share/rpikernelhack/LICENCE.broadcom by rpikernelhack'
Setting up libraspberrypi0 (1.20161116-1) ...
Setting up libraspberrypi-dev (1.20161116-1) ...
Setting up libraspberrypi-doc (1.20161116-1) ...
Setting up raspberrypi-kernel (1.20161116-1) ...
Removing 'diversion of /boot/bcm2708-rpi-b-plus.dtb to /usr/share/rpikernelhack/bcm2708-rpi-b-plus.dtb by rpikernelhack'
Removing 'diversion of /boot/bcm2708-rpi-b.dtb to /usr/share/rpikernelhack/bcm2708-rpi-b.dtb by rpikernelhack'
Removing 'diversion of /boot/bcm2708-rpi-cm.dtb to /usr/share/rpikernelhack/bcm2708-rpi-cm.dtb by rpikernelhack'
Removing 'diversion of /boot/bcm2709-rpi-2-b.dtb to /usr/share/rpikernelhack/bcm2709-rpi-2-b.dtb by rpikernelhack'
Removing 'diversion of /boot/bcm2710-rpi-3-b.dtb to /usr/share/rpikernelhack/bcm2710-rpi-3-b.dtb by rpikernelhack'
Removing 'diversion of /boot/bcm2710-rpi-cm3.dtb to /usr/share/rpikernelhack/bcm2710-rpi-cm3.dtb by rpikernelhack'
Removing 'diversion of /boot/kernel.img to /usr/share/rpikernelhack/kernel.img by rpikernelhack'
Removing 'diversion of /boot/kernel7.img to /usr/share/rpikernelhack/kernel7.img by rpikernelhack'
Removing 'diversion of /boot/COPYING.linux to /usr/share/rpikernelhack/COPYING.linux by rpikernelhack'
Removing 'diversion of /boot/overlays/README to /usr/share/rpikernelhack/overlays/README by rpikernelhack'
Removing 'diversion of /boot/overlays/adau1977-adc.dtbo to /usr/share/rpikernelhack/overlays/adau1977-adc.dtbo by rpikernelhack'
Removing 'diversion of /boot/overlays/ads1015.dtbo to /usr/share/rpikernelhack/overlays/ads1015.dtbo by rpikernelhack'
Removing 'diversion of /boot/overlays/ads7846.dtbo to /usr/share/rpikernelhack/overlays/ads7846.dtbo by rpikernelhack'
Removing 'diversion of /boot/overlays/akkordion-iqdacplus.dtbo to /usr/share/rpikernelhack/overlays/akkordion-iqdacplus.dtbo by rpikernelhack'
Removing 'diversion of /boot/overlays/allo-piano-dac-pcm512x-audio.dtbo to /usr/share/rpikernelhack/overlays/allo-piano-dac-pcm512x-audio.dtbo by rpikernelhack'
Removing 'diversion of /boot/overlays/at86rf233.dtbo to /usr/share/rpikernelhack/overlays/at86rf233.dtbo by rpikernelhack'
Removing 'diversion of /boot/overlays/audioinjector-wm8731-audio.dtbo to /usr/share/rpikernelhack/overlays/audioinjector-wm8731-audio.dtbo by rpikernelhack'
Removing 'diversion of /boot/overlays/audremap.dtbo to /usr/share/rpikernelhack/overlays/audremap.dtbo by rpikernelhack'
Removing 'diversion of /boot/overlays/bmp085_i2c-sensor.dtbo to /usr/share/rpikernelhack/overlays/bmp085_i2c-sensor.dtbo by rpikernelhack'
Removing 'diversion of /boot/overlays/dht11.dtbo to /usr/share/rpikernelhack/overlays/dht11.dtbo by rpikernelhack'
Removing 'diversion of /boot/overlays/dionaudio-loco.dtbo to /usr/share/rpikernelhack/overlays/dionaudio-loco.dtbo by rpikernelhack'
Removing 'diversion of /boot/overlays/dpi18.dtbo to /usr/share/rpikernelhack/overlays/dpi18.dtbo by rpikernelhack'
Removing 'diversion of /boot/overlays/dpi24.dtbo to /usr/share/rpikernelhack/overlays/dpi24.dtbo by rpikernelhack'
Removing 'diversion of /boot/overlays/dwc-otg.dtbo to /usr/share/rpikernelhack/overlays/dwc-otg.dtbo by rpikernelhack'
Removing 'diversion of /boot/overlays/dwc2.dtbo to /usr/share/rpikernelhack/overlays/dwc2.dtbo by rpikernelhack'
Removing 'diversion of /boot/overlays/enc28j60.dtbo to /usr/share/rpikernelhack/overlays/enc28j60.dtbo by rpikernelhack'
Removing 'diversion of /boot/overlays/gpio-ir.dtbo to /usr/share/rpikernelhack/overlays/gpio-ir.dtbo by rpikernelhack'
Removing 'diversion of /boot/overlays/gpio-poweroff.dtbo to /usr/share/rpikernelhack/overlays/gpio-poweroff.dtbo by rpikernelhack'
Removing 'diversion of /boot/overlays/hifiberry-amp.dtbo to /usr/share/rpikernelhack/overlays/hifiberry-amp.dtbo by rpikernelhack'
Removing 'diversion of /boot/overlays/hifiberry-dac.dtbo to /usr/share/rpikernelhack/overlays/hifiberry-dac.dtbo by rpikernelhack'
Removing 'diversion of /boot/overlays/hifiberry-dacplus.dtbo to /usr/share/rpikernelhack/overlays/hifiberry-dacplus.dtbo by rpikernelhack'
Removing 'diversion of /boot/overlays/hifiberry-digi-pro.dtbo to /usr/share/rpikernelhack/overlays/hifiberry-digi-pro.dtbo by rpikernelhack'
Removing 'diversion of /boot/overlays/hifiberry-digi.dtbo to /usr/share/rpikernelhack/overlays/hifiberry-digi.dtbo by rpikernelhack'
Removing 'diversion of /boot/overlays/hy28a.dtbo to /usr/share/rpikernelhack/overlays/hy28a.dtbo by rpikernelhack'
Removing 'diversion of /boot/overlays/hy28b.dtbo to /usr/share/rpikernelhack/overlays/hy28b.dtbo by rpikernelhack'
Removing 'diversion of /boot/overlays/i2c-gpio.dtbo to /usr/share/rpikernelhack/overlays/i2c-gpio.dtbo by rpikernelhack'
Removing 'diversion of /boot/overlays/i2c-mux.dtbo to /usr/share/rpikernelhack/overlays/i2c-mux.dtbo by rpikernelhack'
Removing 'diversion of /boot/overlays/i2c-pwm-pca9685a.dtbo to /usr/share/rpikernelhack/overlays/i2c-pwm-pca9685a.dtbo by rpikernelhack'
Removing 'diversion of /boot/overlays/i2c-rtc.dtbo to /usr/share/rpikernelhack/overlays/i2c-rtc.dtbo by rpikernelhack'
Removing 'diversion of /boot/overlays/i2c0-bcm2708.dtbo to /usr/share/rpikernelhack/overlays/i2c0-bcm2708.dtbo by rpikernelhack'
Removing 'diversion of /boot/overlays/i2c1-bcm2708.dtbo to /usr/share/rpikernelhack/overlays/i2c1-bcm2708.dtbo by rpikernelhack'
Removing 'diversion of /boot/overlays/i2s-gpio28-31.dtbo to /usr/share/rpikernelhack/overlays/i2s-gpio28-31.dtbo by rpikernelhack'
Removing 'diversion of /boot/overlays/i2s-mmap.dtbo to /usr/share/rpikernelhack/overlays/i2s-mmap.dtbo by rpikernelhack'
Removing 'diversion of /boot/overlays/iqaudio-dac.dtbo to /usr/share/rpikernelhack/overlays/iqaudio-dac.dtbo by rpikernelhack'
Removing 'diversion of /boot/overlays/iqaudio-dacplus.dtbo to /usr/share/rpikernelhack/overlays/iqaudio-dacplus.dtbo by rpikernelhack'
Removing 'diversion of /boot/overlays/iqaudio-digi-wm8804-audio.dtbo to /usr/share/rpikernelhack/overlays/iqaudio-digi-wm8804-audio.dtbo by rpikernelhack'
Removing 'diversion of /boot/overlays/justboom-dac.dtbo to /usr/share/rpikernelhack/overlays/justboom-dac.dtbo by rpikernelhack'
Removing 'diversion of /boot/overlays/justboom-digi.dtbo to /usr/share/rpikernelhack/overlays/justboom-digi.dtbo by rpikernelhack'
Removing 'diversion of /boot/overlays/lirc-rpi.dtbo to /usr/share/rpikernelhack/overlays/lirc-rpi.dtbo by rpikernelhack'
Removing 'diversion of /boot/overlays/mcp23017.dtbo to /usr/share/rpikernelhack/overlays/mcp23017.dtbo by rpikernelhack'
Removing 'diversion of /boot/overlays/mcp23s17.dtbo to /usr/share/rpikernelhack/overlays/mcp23s17.dtbo by rpikernelhack'
Removing 'diversion of /boot/overlays/mcp2515-can0.dtbo to /usr/share/rpikernelhack/overlays/mcp2515-can0.dtbo by rpikernelhack'
Removing 'diversion of /boot/overlays/mcp2515-can1.dtbo to /usr/share/rpikernelhack/overlays/mcp2515-can1.dtbo by rpikernelhack'
Removing 'diversion of /boot/overlays/mmc.dtbo to /usr/share/rpikernelhack/overlays/mmc.dtbo by rpikernelhack'
Removing 'diversion of /boot/overlays/mz61581.dtbo to /usr/share/rpikernelhack/overlays/mz61581.dtbo by rpikernelhack'
Removing 'diversion of /boot/overlays/pi3-act-led.dtbo to /usr/share/rpikernelhack/overlays/pi3-act-led.dtbo by rpikernelhack'
Removing 'diversion of /boot/overlays/pi3-disable-bt.dtbo to /usr/share/rpikernelhack/overlays/pi3-disable-bt.dtbo by rpikernelhack'
Removing 'diversion of /boot/overlays/pi3-miniuart-bt.dtbo to /usr/share/rpikernelhack/overlays/pi3-miniuart-bt.dtbo by rpikernelhack'
Removing 'diversion of /boot/overlays/piscreen.dtbo to /usr/share/rpikernelhack/overlays/piscreen.dtbo by rpikernelhack'
Removing 'diversion of /boot/overlays/piscreen2r.dtbo to /usr/share/rpikernelhack/overlays/piscreen2r.dtbo by rpikernelhack'
Removing 'diversion of /boot/overlays/pisound.dtbo to /usr/share/rpikernelhack/overlays/pisound.dtbo by rpikernelhack'
Removing 'diversion of /boot/overlays/pitft22.dtbo to /usr/share/rpikernelhack/overlays/pitft22.dtbo by rpikernelhack'
Removing 'diversion of /boot/overlays/pitft28-capacitive.dtbo to /usr/share/rpikernelhack/overlays/pitft28-capacitive.dtbo by rpikernelhack'
Removing 'diversion of /boot/overlays/pitft28-resistive.dtbo to /usr/share/rpikernelhack/overlays/pitft28-resistive.dtbo by rpikernelhack'
Removing 'diversion of /boot/overlays/pitft35-resistive.dtbo to /usr/share/rpikernelhack/overlays/pitft35-resistive.dtbo by rpikernelhack'
Removing 'diversion of /boot/overlays/pps-gpio.dtbo to /usr/share/rpikernelhack/overlays/pps-gpio.dtbo by rpikernelhack'
Removing 'diversion of /boot/overlays/pwm-2chan.dtbo to /usr/share/rpikernelhack/overlays/pwm-2chan.dtbo by rpikernelhack'
Removing 'diversion of /boot/overlays/pwm.dtbo to /usr/share/rpikernelhack/overlays/pwm.dtbo by rpikernelhack'
Removing 'diversion of /boot/overlays/qca7000.dtbo to /usr/share/rpikernelhack/overlays/qca7000.dtbo by rpikernelhack'
Removing 'diversion of /boot/overlays/raspidac3.dtbo to /usr/share/rpikernelhack/overlays/raspidac3.dtbo by rpikernelhack'
Removing 'diversion of /boot/overlays/rpi-backlight.dtbo to /usr/share/rpikernelhack/overlays/rpi-backlight.dtbo by rpikernelhack'
Removing 'diversion of /boot/overlays/rpi-dac.dtbo to /usr/share/rpikernelhack/overlays/rpi-dac.dtbo by rpikernelhack'
Removing 'diversion of /boot/overlays/rpi-display.dtbo to /usr/share/rpikernelhack/overlays/rpi-display.dtbo by rpikernelhack'
Removing 'diversion of /boot/overlays/rpi-ft5406.dtbo to /usr/share/rpikernelhack/overlays/rpi-ft5406.dtbo by rpikernelhack'
Removing 'diversion of /boot/overlays/rpi-proto.dtbo to /usr/share/rpikernelhack/overlays/rpi-proto.dtbo by rpikernelhack'
Removing 'diversion of /boot/overlays/rpi-sense.dtbo to /usr/share/rpikernelhack/overlays/rpi-sense.dtbo by rpikernelhack'
Removing 'diversion of /boot/overlays/rra-digidac1-wm8741-audio.dtbo to /usr/share/rpikernelhack/overlays/rra-digidac1-wm8741-audio.dtbo by rpikernelhack'
Removing 'diversion of /boot/overlays/sc16is750-i2c.dtbo to /usr/share/rpikernelhack/overlays/sc16is750-i2c.dtbo by rpikernelhack'
Removing 'diversion of /boot/overlays/sc16is752-spi1.dtbo to /usr/share/rpikernelhack/overlays/sc16is752-spi1.dtbo by rpikernelhack'
Removing 'diversion of /boot/overlays/sdhost.dtbo to /usr/share/rpikernelhack/overlays/sdhost.dtbo by rpikernelhack'
Removing 'diversion of /boot/overlays/sdio-1bit.dtbo to /usr/share/rpikernelhack/overlays/sdio-1bit.dtbo by rpikernelhack'
Removing 'diversion of /boot/overlays/sdio.dtbo to /usr/share/rpikernelhack/overlays/sdio.dtbo by rpikernelhack'
Removing 'diversion of /boot/overlays/sdtweak.dtbo to /usr/share/rpikernelhack/overlays/sdtweak.dtbo by rpikernelhack'
Removing 'diversion of /boot/overlays/smi-dev.dtbo to /usr/share/rpikernelhack/overlays/smi-dev.dtbo by rpikernelhack'
Removing 'diversion of /boot/overlays/smi-nand.dtbo to /usr/share/rpikernelhack/overlays/smi-nand.dtbo by rpikernelhack'
Removing 'diversion of /boot/overlays/smi.dtbo to /usr/share/rpikernelhack/overlays/smi.dtbo by rpikernelhack'
Removing 'diversion of /boot/overlays/spi-gpio35-39.dtbo to /usr/share/rpikernelhack/overlays/spi-gpio35-39.dtbo by rpikernelhack'
Removing 'diversion of /boot/overlays/spi-rtc.dtbo to /usr/share/rpikernelhack/overlays/spi-rtc.dtbo by rpikernelhack'
Removing 'diversion of /boot/overlays/spi0-hw-cs.dtbo to /usr/share/rpikernelhack/overlays/spi0-hw-cs.dtbo by rpikernelhack'
Removing 'diversion of /boot/overlays/spi1-1cs.dtbo to /usr/share/rpikernelhack/overlays/spi1-1cs.dtbo by rpikernelhack'
Removing 'diversion of /boot/overlays/spi1-2cs.dtbo to /usr/share/rpikernelhack/overlays/spi1-2cs.dtbo by rpikernelhack'
Removing 'diversion of /boot/overlays/spi1-3cs.dtbo to /usr/share/rpikernelhack/overlays/spi1-3cs.dtbo by rpikernelhack'
Removing 'diversion of /boot/overlays/spi2-1cs.dtbo to /usr/share/rpikernelhack/overlays/spi2-1cs.dtbo by rpikernelhack'
Removing 'diversion of /boot/overlays/spi2-2cs.dtbo to /usr/share/rpikernelhack/overlays/spi2-2cs.dtbo by rpikernelhack'
Removing 'diversion of /boot/overlays/spi2-3cs.dtbo to /usr/share/rpikernelhack/overlays/spi2-3cs.dtbo by rpikernelhack'
Removing 'diversion of /boot/overlays/tinylcd35.dtbo to /usr/share/rpikernelhack/overlays/tinylcd35.dtbo by rpikernelhack'
Removing 'diversion of /boot/overlays/uart1.dtbo to /usr/share/rpikernelhack/overlays/uart1.dtbo by rpikernelhack'
Removing 'diversion of /boot/overlays/vc4-fkms-v3d.dtbo to /usr/share/rpikernelhack/overlays/vc4-fkms-v3d.dtbo by rpikernelhack'
Removing 'diversion of /boot/overlays/vc4-kms-v3d.dtbo to /usr/share/rpikernelhack/overlays/vc4-kms-v3d.dtbo by rpikernelhack'
Removing 'diversion of /boot/overlays/vga666.dtbo to /usr/share/rpikernelhack/overlays/vga666.dtbo by rpikernelhack'
Removing 'diversion of /boot/overlays/w1-gpio-pullup.dtbo to /usr/share/rpikernelhack/overlays/w1-gpio-pullup.dtbo by rpikernelhack'
Removing 'diversion of /boot/overlays/w1-gpio.dtbo to /usr/share/rpikernelhack/overlays/w1-gpio.dtbo by rpikernelhack'
Removing 'diversion of /boot/overlays/wittypi.dtbo to /usr/share/rpikernelhack/overlays/wittypi.dtbo by rpikernelhack'
run-parts: executing /etc/kernel/postinst.d/apt-auto-removal 4.4.32+ /boot/kernel.img
run-parts: executing /etc/kernel/postinst.d/initramfs-tools 4.4.32+ /boot/kernel.img
run-parts: executing /etc/kernel/postinst.d/apt-auto-removal 4.4.32-v7+ /boot/kernel7.img
run-parts: executing /etc/kernel/postinst.d/initramfs-tools 4.4.32-v7+ /boot/kernel7.img
Setting up libraspberrypi-bin (1.20161116-1) ...
Setting up raspi-config (20161114) ...
Processing triggers for libc-bin (2.19-18+deb8u6) ...
pi@raspberrypi:~ $ 
pi@raspberrypi:~ $ 
pi@raspberrypi:~ $ 